<?xml version="1.0" encoding="UTF-8"?>
<!-- Generated by org.testng.reporters.JUnitReportReporter -->
<testsuite hostname="Atuls-MacBook-Air.local" failures="0" tests="1" name="com.bridgelabz.qa.Automation.Launch_Browser" time="9.247" errors="0" timestamp="2023-02-25T13:13:06 IST" skipped="0">
  <testcase classname="com.bridgelabz.qa.Automation.Launch_Browser" name="webinarScreen" time="9.247"/>
  <system-out/>
</testsuite> <!-- com.bridgelabz.qa.Automation.Launch_Browser -->
