<?xml version="1.0" encoding="UTF-8"?>
<!-- Generated by org.testng.reporters.JUnitReportReporter -->
<testsuite hostname="Atuls-MacBook-Air.local" failures="0" tests="1" name="com.bridgelabz.qa.Automation.LocatorsDemo" time="5.757" errors="0" timestamp="2023-02-24T21:27:41 IST" skipped="0">
  <testcase classname="com.bridgelabz.qa.Automation.LocatorsDemo" name="demoLocators" time="5.757"/>
  <system-out/>
</testsuite> <!-- com.bridgelabz.qa.Automation.LocatorsDemo -->
